<?xml version="1.0" encoding="UTF-8"?>
<!-- Generated by org.testng.reporters.JUnitReportReporter -->
<testsuite skipped="0" hostname="LAPTOP-HSPQSV91" name="com.Automation.Apps.ContactManager" tests="1" failures="0" timestamp="27 Oct 2018 02:50:42 GMT" time="31.257" errors="0">
  <testcase name="AppLogin" time="31.257" classname="com.Automation.Apps.ContactManager"/>
</testsuite> <!-- com.Automation.Apps.ContactManager -->
